<?xml version="1.0" encoding="UTF-8"?>
<testsuite xmlns:xsi="http://www.w3.org/2001/XMLSchema-instance" xsi:noNamespaceSchemaLocation="https://maven.apache.org/surefire/maven-surefire-plugin/xsd/surefire-test-report-3.0.xsd" version="3.0" name="info.oais.oaisif.specificadapter.SpecificadapterApplicationTests" time="7.191" tests="1" errors="0" skipped="0" failures="0">
  <properties>
[...]
</properties>
  <testcase name="contextLoads" classname="info.oais.oaisif.specificadapter.SpecificadapterApplicationTests" time="0.551">
    <system-out><![CDATA[14:02:19.214 [main] INFO org.springframework.test.context.support.AnnotationConfigContextLoaderUtils -- Could not detect default configuration classes for test class [info.oais.oaisif.specificadapter.SpecificadapterApplicationTests]: SpecificadapterApplicationTests does not declare any static, non-private, non-final, nested classes annotated with @Configuration.
14:02:19.358 [main] INFO org.springframework.boot.test.context.SpringBootTestContextBootstrapper -- Found @SpringBootConfiguration info.oais.oaisif.specificadapter.SpecificAdapterApplication for test class info.oais.oaisif.specificadapter.SpecificadapterApplicationTests
14:02:19.596 [main] INFO org.springframework.boot.devtools.restart.RestartApplicationListener -- Restart disabled due to context in which it is running

  .   ____          _            __ _ _
 /\\ / ___'_ __ _ _(_)_ __  __ _ \ \ \ \
( ( )\___ | '_ | '_| | '_ \/ _` | \ \ \ \
 \\/  ___)| |_)| | | | | || (_| |  ) ) ) )
  '  |____| .__|_| |_|_| |_\__, | / / / /
 =========|_|==============|___/=/_/_/_/

 :: Spring Boot ::                (v3.3.4)

2024-11-21T14:02:19.938Z  INFO 28972 --- [specificadapter] [           main] i.o.o.s.SpecificadapterApplicationTests  : Starting SpecificadapterApplicationTests using Java 17.0.5 with PID 28972 (started by david in C:\Users\david\OneDrive\OAISIFTestBB\specificadapter)
2024-11-21T14:02:19.940Z  INFO 28972 --- [specificadapter] [           main] i.o.o.s.SpecificadapterApplicationTests  : No active profile set, falling back to 1 default profile: "default"
2024-11-21T14:02:21.046Z  INFO 28972 --- [specificadapter] [           main] .s.d.r.c.RepositoryConfigurationDelegate : Bootstrapping Spring Data JPA repositories in DEFAULT mode.
2024-11-21T14:02:21.114Z  INFO 28972 --- [specificadapter] [           main] .s.d.r.c.RepositoryConfigurationDelegate : Finished Spring Data repository scanning in 57 ms. Found 1 JPA repository interface.
2024-11-21T14:02:21.482Z  WARN 28972 --- [specificadapter] [           main] trationDelegate$BeanPostProcessorChecker : Bean 'org.springframework.ws.config.annotation.DelegatingWsConfiguration' of type [org.springframework.ws.config.annotation.DelegatingWsConfiguration$$SpringCGLIB$$0] is not eligible for getting processed by all BeanPostProcessors (for example: not eligible for auto-proxying). The currently created BeanPostProcessor [annotationActionEndpointMapping] is declared through a non-static factory method on that class; consider declaring it as static instead.
2024-11-21T14:02:21.537Z  INFO 28972 --- [specificadapter] [           main] .w.s.a.s.AnnotationActionEndpointMapping : Supporting [WS-Addressing August 2004, WS-Addressing 1.0]
2024-11-21T14:02:21.831Z  INFO 28972 --- [specificadapter] [           main] o.hibernate.jpa.internal.util.LogHelper  : HHH000204: Processing PersistenceUnitInfo [name: default]
2024-11-21T14:02:21.963Z  INFO 28972 --- [specificadapter] [           main] org.hibernate.Version                    : HHH000412: Hibernate ORM core version 6.5.3.Final
2024-11-21T14:02:22.026Z  INFO 28972 --- [specificadapter] [           main] o.h.c.internal.RegionFactoryInitiator    : HHH000026: Second-level cache disabled
2024-11-21T14:02:22.473Z  INFO 28972 --- [specificadapter] [           main] o.s.o.j.p.SpringPersistenceUnitInfo      : No LoadTimeWeaver setup: ignoring JPA class transformer
2024-11-21T14:02:22.530Z  INFO 28972 --- [specificadapter] [           main] com.zaxxer.hikari.HikariDataSource       : HikariPool-1 - Starting...
2024-11-21T14:02:22.752Z  INFO 28972 --- [specificadapter] [           main] com.zaxxer.hikari.pool.HikariPool        : HikariPool-1 - Added connection conn0: url=jdbc:h2:mem:testdb user=SA
2024-11-21T14:02:22.753Z  INFO 28972 --- [specificadapter] [           main] com.zaxxer.hikari.HikariDataSource       : HikariPool-1 - Start completed.
2024-11-21T14:02:22.781Z  WARN 28972 --- [specificadapter] [           main] org.hibernate.orm.deprecation            : HHH90000025: H2Dialect does not need to be specified explicitly using 'hibernate.dialect' (remove the property setting and it will be selected by default)
2024-11-21T14:02:23.697Z  INFO 28972 --- [specificadapter] [           main] o.h.e.t.j.p.i.JtaPlatformInitiator       : HHH000489: No JTA platform available (set 'hibernate.transaction.jta.platform' to enable JTA platform integration)
2024-11-21T14:02:23.758Z  INFO 28972 --- [specificadapter] [           main] j.LocalContainerEntityManagerFactoryBean : Initialized JPA EntityManagerFactory for persistence unit 'default'
2024-11-21T14:02:24.283Z  INFO 28972 --- [specificadapter] [           main] i.o.o.s.SpecificAdapterService           : Saving the initial values
aip0:{"InformationPackage":{"InformationObject":{"DataObject":{"IdentifierObject":{"IdentifierString":"http://myprov.example.com/do","IdentifierType":"URI"},"size":"12345678"},"RepresentationInformation":{"AndGroup":{"OtherRI":{"OrGroup":[{"DataObject":{"IdentifierObject":{"IdentifierString":"http://myprov.example.com/java-sw","IdentifierType":"URI"}},"RepresentationInformation":{"IdentifierString":"http://opm.example.com/java-sw-system","IdentifierType":"URI"}},{"DataObject":{"IdentifierObject":{"IdentifierString":"http://myprov.example.com/csharp-sw","IdentifierType":"URI"}},"RepresentationInformation":{"IdentifierObject":{"IdentifierString":"http://opm.example.com/csharp-sw-system","IdentifierType":"URI"}}}]},"SemanticsRI":{"DataObject":{"IdentifierObject":{"IdentifierString":"http://myprov.example.com/dosem","IdentifierType":"URI"}},"RepresentationInformation":{"IdentifierObject":{"IdentifierString":"http://opm.example.com/ristr","IdentifierType":"URI"}}},"StructureRI":{"DataObject":{"IdentifierObject":{"IdentifierString":"http://myprov.example.com/dostr","IdentifierType":"URI"}},"RepresentationInformation":{"IdentifierObject":{"IdentifierString":"http://opm.example.com/ristr","IdentifierType":"URI"}}}}}},"IsDeclaredComplete":true,"PackageDescription":"This is an example AIP","PackageType":"AIP","PDI":{"AccessRights":{"DataObject":{"IdentifierObject":{"IdentifierString":"http://myprov.example.com/ar","IdentifierType":"URI"}},"RepresentationInformation":{"IdentifierObject":{"IdentifierString":"http://myprov.example.com/arri","IdentifierType":"URI"}}},"Context":{"DataObject":{"IdentifierObject":{"IdentifierString":"http://myprov.example.com/context","IdentifierType":"URI"}},"RepresentationInformation":{"IdentifierObject":{"IdentifierString":"http://myprov.example.com/contextri","IdentifierType":"URI"}}},"Fixity":{"DataObject":{"IdentifierObject":{"IdentifierString":"http://myprov.example.com/fix","IdentifierType":"URI"}},"RepresentationInformation":{"IdentifierObject":{"IdentifierString":"http://myprov.example.com/fixri","IdentifierType":"URL"}}},"Provenance":{"DataObject":{"IdentifierObject":{"IdentifierString":"http://myprov.example.com/prov","IdentifierType":"URI"},"size":"12345678"},"RepresentationInformation":{"IdentifierObject":{"IdentifierString":"http://myprov.example.com/provri","IdentifierType":"URI"}}},"Reference":{"DataObject":{"IdentifierObject":{"IdentifierString":"http://myprov.example.com/ref","IdentifierType":"URI"}},"RepresentationInformation":{"IdentifierObject":{"IdentifierString":"http://myprov.example.com/refri","IdentifierType":"URI"}}}},"version":"1.0"}} 
aip1:{"InformationPackage":{"InformationObject":{"DataObject":{"IdentifierObject":{"IdentifierString":"http://myprov.test.net/do","IdentifierType":"URI"},"size":"12345678"},"RepresentationInformation":{"AndGroup":{"OtherRI":{"OrGroup":[{"DataObject":{"IdentifierObject":{"IdentifierString":"http://myprov.test.net/java-sw","IdentifierType":"URI"}},"RepresentationInformation":{"IdentifierObject":{"IdentifierString":"http://opm.test.net/java-sw-system","IdentifierType":"URI"}}},{"DataObject":{"IdentifierObject":{"IdentifierString":"http://myprov.test.net/csharp-sw","IdentifierType":"URI"}},"RepresentationInformation":{"IdentifierObject":{"IdentifierString":"http://opm.test.net/csharp-sw-system","IdentifierType":"URI"}}}]},"SemanticsRI":{"DataObject":{"IdentifierObject":{"IdentifierString":"http://myprov.test.net/dosem","IdentifierType":"URI"}},"RepresentationInformation":{"IdentifierObject":{"IdentifierString":"http://opm.test.net/ristr","IdentifierType":"URI"}}},"StructureRI":{"DataObject":{"IdentifierObject":{"IdentifierString":"http://myprov.test.net/dostr","IdentifierType":"URI"}},"RepresentationInformation":{"IdentifierObject":{"IdentifierString":"http://opm.test.net/ristr","IdentifierType":"URI"}}}}}},"IsDeclaredComplete":true,"PackageDescription":"This is an example AIP Test","PackageType":"AIP","PDI":{"AccessRights":{"DataObject":{"IdentifierObject":{"IdentifierString":"http://myprov.test.net/ar","IdentifierType":"URI"}},"RepresentationInformation":{"IdentifierObject":{"IdentifierString":"http://myprov.test.net/arri","IdentifierType":"URI"}}},"Context":{"DataObject":{"IdentifierObject":{"IdentifierString":"http://myprov.test.net/context","IdentifierType":"URI"}},"RepresentationInformation":{"IdentifierObject":{"IdentifierString":"http://myprov.test.net/contextri","IdentifierType":"URI"}}},"Fixity":{"DataObject":{"IdentifierObject":{"IdentifierString":"http://myprov.test.net/fix","IdentifierType":"URI"}},"RepresentationInformation":{"IdentifierObject":{"IdentifierString":"http://myprov.test.net/fixri","IdentifierType":"URL"}}},"Provenance":{"DataObject":{"IdentifierObject":{"IdentifierString":"http://myprov.test.net/prov","IdentifierType":"URI"},"size":"12345678"},"RepresentationInformation":{"IdentifierObject":{"IdentifierString":"http://myprov.test.net/provri","IdentifierType":"URI"}}},"Reference":{"DataObject":{"IdentifierObject":{"IdentifierString":"http://myprov.test.net/ref","IdentifierType":"URI"}},"RepresentationInformation":{"IdentifierObject":{"IdentifierString":"http://myprov.test.net/refri","IdentifierType":"URI"}}}},"version":"1.0"}}
aip2:{"InformationPackage":{"InformationObject":{"DataObject":{"IdentifierObject":{"IdentifierString":"http://www.oais.info/oais-if/repository/PTAB-Example-Data/sample.table.fits","IdentifierType":"URI"},"size":"77760"},"RepresentationInformation":{"AndGroup":{"OtherRI":{"DataObject":{"IdentifierObject":{"IdentifierString":"http://www.oais.info/oais-if/rrori/topcat-full.jar","IdentifierType":"URI"}},"RepresentationInformation":{"DataObject":{"IdentifierObject":{"IdentifierString":"http://www.oais.info/oais-if/rrori/JAVA-jar-file.txt","IdentifierType":"URI"}},"RepresentationInformation":{"IdentifierObject":{"IdentifierString":"https://www.charset.org/utf-8","IdentifierType":"URI"}}}},"SemanticsRI":{"DataObject":{"IdentifierObject":{"IdentifierString":"http://www.oais.info/oais-if/rrori/FITS%20Semantics.txt","IdentifierType":"URI"}},"RepresentationInformation":{"IdentifierObject":{"IdentifierString":"https://www.charset.org/utf-8","IdentifierType":"URI"}}},"StructureRI":{"DataObject":{"IdentifierObject":{"IdentifierString":"http://www.oais.info/oais-if/rrori/FITS%20Structure.txt","IdentifierType":"URI"}},"RepresentationInformation":{"IdentifierObject":{"IdentifierString":"https://www.charset.org/utf-8","IdentifierType":"URI"}}}}}},"IsDeclaredComplete":true,"PackageDescription":"This is an example AIP for a FITS file","PackageType":"AIP","PDI":{"AccessRights":{"DataObject":{"IdentifierObject":{"IdentifierString":"http://myprov.example.com/ar","IdentifierType":"URI"}},"RepresentationInformation":{"IdentifierObject":{"IdentifierString":"http://myprov.example.com/arri","IdentifierType":"URI"}}},"Context":{"DataObject":{"IdentifierObject":{"IdentifierString":"http://myprov.example.com/context","IdentifierType":"URI"}},"RepresentationInformation":{"IdentifierObject":{"IdentifierString":"http://myprov.example.com/contextri","IdentifierType":"URI"}}},"Fixity":{"DataObject":{"IdentifierObject":{"IdentifierString":"http://myprov.example.com/fix","IdentifierType":"URI"}},"RepresentationInformation":{"IdentifierObject":{"IdentifierString":"http://myprov.example.com/fixri","IdentifierType":"URL"}}},"Provenance":{"DataObject":{"IdentifierObject":{"IdentifierString":"http://www.oais.info/oais-if/rrori/FITS%20Provenance.txt","IdentifierType":"URI"}},"RepresentationInformation":{"IdentifierObject":{"IdentifierString":"http://myprov.example.com/provri","IdentifierType":"URI"}}},"Reference":{"DataObject":{"IdentifierObject":{"IdentifierString":"http://myprov.example.com/ref","IdentifierType":"URI"}},"RepresentationInformation":{"IdentifierObject":{"IdentifierString":"http://myprov.example.com/refri","IdentifierType":"URI"}}}},"version":"1.0"}}
specificAdapterRepository is:org.springframework.data.jpa.repository.support.SimpleJpaRepository@5b4ce00
Retrieve all records
Entries: [Id:365923130    AIP : {"InformationPackage":{"InformationObject":{"DataObject":{"IdentifierObject":{"IdentifierString":"http://myprov.test.net/do","IdentifierType":"URI"},"size":"12345678"},"RepresentationInformation":{"AndGroup":{"OtherRI":{"OrGroup":[{"DataObject":{"IdentifierObject":{"IdentifierString":"http://myprov.test.net/java-sw","IdentifierType":"URI"}},"RepresentationInformation":{"IdentifierObject":{"IdentifierString":"http://opm.test.net/java-sw-system","IdentifierType":"URI"}}},{"DataObject":{"IdentifierObject":{"IdentifierString":"http://myprov.test.net/csharp-sw","IdentifierType":"URI"}},"RepresentationInformation":{"IdentifierObject":{"IdentifierString":"http://opm.test.net/csharp-sw-system","IdentifierType":"URI"}}}]},"SemanticsRI":{"DataObject":{"IdentifierObject":{"IdentifierString":"http://myprov.test.net/dosem","IdentifierType":"URI"}},"RepresentationInformation":{"IdentifierObject":{"IdentifierString":"http://opm.test.net/ristr","IdentifierType":"URI"}}},"StructureRI":{"DataObject":{"IdentifierObject":{"IdentifierString":"http://myprov.test.net/dostr","IdentifierType":"URI"}},"RepresentationInformation":{"IdentifierObject":{"IdentifierString":"http://opm.test.net/ristr","IdentifierType":"URI"}}}}}},"IsDeclaredComplete":true,"PackageDescription":"This is an example AIP Test","PackageType":"AIP","PDI":{"AccessRights":{"DataObject":{"IdentifierObject":{"IdentifierString":"http://myprov.test.net/ar","IdentifierType":"URI"}},"RepresentationInformation":{"IdentifierObject":{"IdentifierString":"http://myprov.test.net/arri","IdentifierType":"URI"}}},"Context":{"DataObject":{"IdentifierObject":{"IdentifierString":"http://myprov.test.net/context","IdentifierType":"URI"}},"RepresentationInformation":{"IdentifierObject":{"IdentifierString":"http://myprov.test.net/contextri","IdentifierType":"URI"}}},"Fixity":{"DataObject":{"IdentifierObject":{"IdentifierString":"http://myprov.test.net/fix","IdentifierType":"URI"}},"RepresentationInformation":{"IdentifierObject":{"IdentifierString":"http://myprov.test.net/fixri","IdentifierType":"URL"}}},"Provenance":{"DataObject":{"IdentifierObject":{"IdentifierString":"http://myprov.test.net/prov","IdentifierType":"URI"},"size":"12345678"},"RepresentationInformation":{"IdentifierObject":{"IdentifierString":"http://myprov.test.net/provri","IdentifierType":"URI"}}},"Reference":{"DataObject":{"IdentifierObject":{"IdentifierString":"http://myprov.test.net/ref","IdentifierType":"URI"}},"RepresentationInformation":{"IdentifierObject":{"IdentifierString":"http://myprov.test.net/refri","IdentifierType":"URI"}}}},"version":"1.0"}}, Id:427450850    AIP : {"InformationPackage":{"InformationObject":{"DataObject":{"IdentifierObject":{"IdentifierString":"http://myprov.example.com/do","IdentifierType":"URI"},"size":"12345678"},"RepresentationInformation":{"AndGroup":{"OtherRI":{"OrGroup":[{"DataObject":{"IdentifierObject":{"IdentifierString":"http://myprov.example.com/java-sw","IdentifierType":"URI"}},"RepresentationInformation":{"IdentifierString":"http://opm.example.com/java-sw-system","IdentifierType":"URI"}},{"DataObject":{"IdentifierObject":{"IdentifierString":"http://myprov.example.com/csharp-sw","IdentifierType":"URI"}},"RepresentationInformation":{"IdentifierObject":{"IdentifierString":"http://opm.example.com/csharp-sw-system","IdentifierType":"URI"}}}]},"SemanticsRI":{"DataObject":{"IdentifierObject":{"IdentifierString":"http://myprov.example.com/dosem","IdentifierType":"URI"}},"RepresentationInformation":{"IdentifierObject":{"IdentifierString":"http://opm.example.com/ristr","IdentifierType":"URI"}}},"StructureRI":{"DataObject":{"IdentifierObject":{"IdentifierString":"http://myprov.example.com/dostr","IdentifierType":"URI"}},"RepresentationInformation":{"IdentifierObject":{"IdentifierString":"http://opm.example.com/ristr","IdentifierType":"URI"}}}}}},"IsDeclaredComplete":true,"PackageDescription":"This is an example AIP","PackageType":"AIP","PDI":{"AccessRights":{"DataObject":{"IdentifierObject":{"IdentifierString":"http://myprov.example.com/ar","IdentifierType":"URI"}},"RepresentationInformation":{"IdentifierObject":{"IdentifierString":"http://myprov.example.com/arri","IdentifierType":"URI"}}},"Context":{"DataObject":{"IdentifierObject":{"IdentifierString":"http://myprov.example.com/context","IdentifierType":"URI"}},"RepresentationInformation":{"IdentifierObject":{"IdentifierString":"http://myprov.example.com/contextri","IdentifierType":"URI"}}},"Fixity":{"DataObject":{"IdentifierObject":{"IdentifierString":"http://myprov.example.com/fix","IdentifierType":"URI"}},"RepresentationInformation":{"IdentifierObject":{"IdentifierString":"http://myprov.example.com/fixri","IdentifierType":"URL"}}},"Provenance":{"DataObject":{"IdentifierObject":{"IdentifierString":"http://myprov.example.com/prov","IdentifierType":"URI"},"size":"12345678"},"RepresentationInformation":{"IdentifierObject":{"IdentifierString":"http://myprov.example.com/provri","IdentifierType":"URI"}}},"Reference":{"DataObject":{"IdentifierObject":{"IdentifierString":"http://myprov.example.com/ref","IdentifierType":"URI"}},"RepresentationInformation":{"IdentifierObject":{"IdentifierString":"http://myprov.example.com/refri","IdentifierType":"URI"}}}},"version":"1.0"}} , Id:1307693071    AIP : {"InformationPackage":{"InformationObject":{"DataObject":{"IdentifierObject":{"IdentifierString":"http://www.oais.info/oais-if/repository/PTAB-Example-Data/sample.table.fits","IdentifierType":"URI"},"size":"77760"},"RepresentationInformation":{"AndGroup":{"OtherRI":{"DataObject":{"IdentifierObject":{"IdentifierString":"http://www.oais.info/oais-if/rrori/topcat-full.jar","IdentifierType":"URI"}},"RepresentationInformation":{"DataObject":{"IdentifierObject":{"IdentifierString":"http://www.oais.info/oais-if/rrori/JAVA-jar-file.txt","IdentifierType":"URI"}},"RepresentationInformation":{"IdentifierObject":{"IdentifierString":"https://www.charset.org/utf-8","IdentifierType":"URI"}}}},"SemanticsRI":{"DataObject":{"IdentifierObject":{"IdentifierString":"http://www.oais.info/oais-if/rrori/FITS%20Semantics.txt","IdentifierType":"URI"}},"RepresentationInformation":{"IdentifierObject":{"IdentifierString":"https://www.charset.org/utf-8","IdentifierType":"URI"}}},"StructureRI":{"DataObject":{"IdentifierObject":{"IdentifierString":"http://www.oais.info/oais-if/rrori/FITS%20Structure.txt","IdentifierType":"URI"}},"RepresentationInformation":{"IdentifierObject":{"IdentifierString":"https://www.charset.org/utf-8","IdentifierType":"URI"}}}}}},"IsDeclaredComplete":true,"PackageDescription":"This is an example AIP for a FITS file","PackageType":"AIP","PDI":{"AccessRights":{"DataObject":{"IdentifierObject":{"IdentifierString":"http://myprov.example.com/ar","IdentifierType":"URI"}},"RepresentationInformation":{"IdentifierObject":{"IdentifierString":"http://myprov.example.com/arri","IdentifierType":"URI"}}},"Context":{"DataObject":{"IdentifierObject":{"IdentifierString":"http://myprov.example.com/context","IdentifierType":"URI"}},"RepresentationInformation":{"IdentifierObject":{"IdentifierString":"http://myprov.example.com/contextri","IdentifierType":"URI"}}},"Fixity":{"DataObject":{"IdentifierObject":{"IdentifierString":"http://myprov.example.com/fix","IdentifierType":"URI"}},"RepresentationInformation":{"IdentifierObject":{"IdentifierString":"http://myprov.example.com/fixri","IdentifierType":"URL"}}},"Provenance":{"DataObject":{"IdentifierObject":{"IdentifierString":"http://www.oais.info/oais-if/rrori/FITS%20Provenance.txt","IdentifierType":"URI"}},"RepresentationInformation":{"IdentifierObject":{"IdentifierString":"http://myprov.example.com/provri","IdentifierType":"URI"}}},"Reference":{"DataObject":{"IdentifierObject":{"IdentifierString":"http://myprov.example.com/ref","IdentifierType":"URI"}},"RepresentationInformation":{"IdentifierObject":{"IdentifierString":"http://myprov.example.com/refri","IdentifierType":"URI"}}}},"version":"1.0"}}]
2024-11-21T14:02:24.988Z  WARN 28972 --- [specificadapter] [           main] JpaBaseConfiguration$JpaWebConfiguration : spring.jpa.open-in-view is enabled by default. Therefore, database queries may be performed during view rendering. Explicitly configure spring.jpa.open-in-view to disable this warning
2024-11-21T14:02:25.632Z  INFO 28972 --- [specificadapter] [           main] i.o.o.s.SpecificadapterApplicationTests  : Started SpecificadapterApplicationTests in 6.051 seconds (process running for 7.39)
]]></system-out>
  </testcase>
</testsuite>